-------------------------------------------------------------------------------
Test set: ru.stqa.maven.intro.TestAriaCalculation
-------------------------------------------------------------------------------
Tests run: 1, Failures: 1, Errors: 0, Skipped: 0, Time elapsed: 0.577 s <<< FAILURE! - in ru.stqa.maven.intro.TestAriaCalculation
canCanculateSquareArea  Time elapsed: 0.392 s  <<< FAILURE!
org.opentest4j.AssertionFailedError: expected: <5.0> but was: <12.566370614359172>
	at ru.stqa.maven.intro.TestAriaCalculation.canCanculateSquareArea(TestAriaCalculation.java:12)

