<?xml version="1.0" encoding="UTF-8"?>
<testng-results ignored="0" total="1" passed="1" failed="0" skipped="0">
  <reporter-output>
  </reporter-output>
  <suite started-at="2021-11-09T19:40:38 GMT+03:00" name="Surefire suite" finished-at="2021-11-09T19:40:38 GMT+03:00" duration-ms="142">
    <groups>
    </groups>
    <test started-at="2021-11-09T19:40:38 GMT+03:00" name="Surefire test" finished-at="2021-11-09T19:40:38 GMT+03:00" duration-ms="142">
      <class name="ru.stqa.maven.AppTest">
        <test-method signature="shouldAnswerWithTrue()[pri:0, instance:ru.stqa.maven.AppTest@70beb599]" started-at="2021-11-09T19:40:38 GMT+03:00" name="shouldAnswerWithTrue" finished-at="2021-11-09T19:40:38 GMT+03:00" duration-ms="16" status="PASS">
          <reporter-output>
          </reporter-output>
        </test-method> <!-- shouldAnswerWithTrue -->
      </class> <!-- ru.stqa.maven.AppTest -->
    </test> <!-- Surefire test -->
  </suite> <!-- Surefire suite -->
</testng-results>
